rm -f results.xml
"make" -f Makefile results.xml
make[1]: Entering directory '/mnt/d/PSU/HW_For_AI_teuscher/CNN_hand_written_digit_10x10'
rm -f results.xml
MODULE=test_matrix_mul_spi TESTCASE= TOPLEVEL=MatrixMul_top TOPLEVEL_LANG=verilog \
         /usr/bin/vvp -M /usr/local/lib/python3.12/dist-packages/cocotb/libs -m libcocotbvpi_icarus   sim_build/sim.vvp -fst 
     -.--ns INFO     gpi                                ..mbed/gpi_embed.cpp:79   in set_program_name_in_venv        Did not detect Python virtual environment. Using system-wide Python interpreter
     -.--ns INFO     gpi                                ../gpi/GpiCommon.cpp:101  in gpi_print_registered_impl       VPI registered
     0.00ns INFO     cocotb                             Running on Icarus Verilog version 12.0 (stable)
     0.00ns INFO     cocotb                             Running tests with cocotb v1.9.2 from /usr/local/lib/python3.12/dist-packages/cocotb
     0.00ns INFO     cocotb                             Seeding Python random module with 1749670012
     0.00ns INFO     cocotb.regression                  Found test test_matrix_mul_spi.matrixmul_spi_test
     0.00ns INFO     cocotb.regression                  running matrixmul_spi_test (1/1)
                                                          Test full SPI roundtrip: load A & B, wait for C, fetch C over SPI, compare.
630900.00ns INFO     cocotb.MatrixMul_top               Matrix A loaded: 100x9
682000.00ns INFO     cocotb.MatrixMul_top               Matrix B loaded: 9x8
682000.00ns INFO     cocotb.MatrixMul_top               Waiting for mul_done...
857980.00ns INFO     cocotb.MatrixMul_top               Matrix multiplication complete.
1666000.00ns INFO     cocotb.MatrixMul_top               Received matrix C: 100x8
1666000.00ns INFO     cocotb.regression                  matrixmul_spi_test passed
1666000.00ns INFO     cocotb.regression                  ************************************************************************************************
                                                         ** TEST                                    STATUS  SIM TIME (ns)  REAL TIME (s)  RATIO (ns/s) **
                                                         ************************************************************************************************
                                                         ** test_matrix_mul_spi.matrixmul_spi_test   PASS     1666000.00         502.34       3316.50  **
                                                         ************************************************************************************************
                                                         ** TESTS=1 PASS=1 FAIL=0 SKIP=0                      1666000.00         502.75       3313.76  **
                                                         ************************************************************************************************
                                                         
FST info: dumpfile sim_build/MatrixMul_top.fst opened for output.
make[1]: Leaving directory '/mnt/d/PSU/HW_For_AI_teuscher/CNN_hand_written_digit_10x10'
rm -f results.xml
"make" -f Makefile results.xml
make[1]: Entering directory '/mnt/d/PSU/HW_For_AI_teuscher/CNN_hand_written_digit_10x10'
rm -f results.xml
MODULE=test_matrix_mul_spi TESTCASE= TOPLEVEL=MatrixMul_top TOPLEVEL_LANG=verilog \
         /usr/bin/vvp -M /usr/local/lib/python3.12/dist-packages/cocotb/libs -m libcocotbvpi_icarus   sim_build/sim.vvp -fst 
     -.--ns INFO     gpi                                ..mbed/gpi_embed.cpp:79   in set_program_name_in_venv        Did not detect Python virtual environment. Using system-wide Python interpreter
     -.--ns INFO     gpi                                ../gpi/GpiCommon.cpp:101  in gpi_print_registered_impl       VPI registered
     0.00ns INFO     cocotb                             Running on Icarus Verilog version 12.0 (stable)
     0.00ns INFO     cocotb                             Running tests with cocotb v1.9.2 from /usr/local/lib/python3.12/dist-packages/cocotb
     0.00ns INFO     cocotb                             Seeding Python random module with 1749670537
     0.00ns INFO     cocotb.regression                  Found test test_matrix_mul_spi.matrixmul_spi_test
     0.00ns INFO     cocotb.regression                  running matrixmul_spi_test (1/1)
                                                          Test full SPI roundtrip: load A & B, wait for C, fetch C over SPI, compare.
5040900.00ns INFO     cocotb.MatrixMul_top               Matrix A loaded: 100x72
6654400.00ns INFO     cocotb.MatrixMul_top               Matrix B loaded: 72x32
6654400.00ns INFO     cocotb.MatrixMul_top               Waiting for mul_done...
11390380.00ns INFO     cocotb.MatrixMul_top               Matrix multiplication complete.
14622400.00ns INFO     cocotb.MatrixMul_top               Received matrix C: 100x32
14622400.00ns INFO     cocotb.regression                  matrixmul_spi_test passed
14622400.00ns INFO     cocotb.regression                  ************************************************************************************************
                                                          ** TEST                                    STATUS  SIM TIME (ns)  REAL TIME (s)  RATIO (ns/s) **
                                                          ************************************************************************************************
                                                          ** test_matrix_mul_spi.matrixmul_spi_test   PASS    14622400.00        4561.92       3205.31  **
                                                          ************************************************************************************************
                                                          ** TESTS=1 PASS=1 FAIL=0 SKIP=0                     14622400.00        4562.27       3205.07  **
                                                          ************************************************************************************************
                                                          
FST info: dumpfile sim_build/MatrixMul_top.fst opened for output.
make[1]: Leaving directory '/mnt/d/PSU/HW_For_AI_teuscher/CNN_hand_written_digit_10x10'
rm -f results.xml
"make" -f Makefile results.xml
make[1]: Entering directory '/mnt/d/PSU/HW_For_AI_teuscher/CNN_hand_written_digit_10x10'
rm -f results.xml
MODULE=test_matrix_mul_spi TESTCASE= TOPLEVEL=MatrixMul_top TOPLEVEL_LANG=verilog \
         /usr/bin/vvp -M /usr/local/lib/python3.12/dist-packages/cocotb/libs -m libcocotbvpi_icarus   sim_build/sim.vvp -fst 
     -.--ns INFO     gpi                                ..mbed/gpi_embed.cpp:79   in set_program_name_in_venv        Did not detect Python virtual environment. Using system-wide Python interpreter
     -.--ns INFO     gpi                                ../gpi/GpiCommon.cpp:101  in gpi_print_registered_impl       VPI registered
     0.00ns INFO     cocotb                             Running on Icarus Verilog version 12.0 (stable)
     0.00ns INFO     cocotb                             Running tests with cocotb v1.9.2 from /usr/local/lib/python3.12/dist-packages/cocotb
     0.00ns INFO     cocotb                             Seeding Python random module with 1749675120
     0.00ns INFO     cocotb.regression                  Found test test_matrix_mul_spi.matrixmul_spi_test
     0.00ns INFO     cocotb.regression                  running matrixmul_spi_test (1/1)
                                                          Test full SPI roundtrip: load A & B, wait for C, fetch C over SPI, compare.
20160900.00ns INFO     cocotb.MatrixMul_top               Matrix A loaded: 100x288
33064000.00ns INFO     cocotb.MatrixMul_top               Matrix B loaded: 288x64
33064000.00ns INFO     cocotb.MatrixMul_top               Waiting for mul_done...
70183980.00ns INFO     cocotb.MatrixMul_top               Matrix multiplication complete.
76648000.00ns INFO     cocotb.MatrixMul_top               Received matrix C: 100x64
76648000.00ns INFO     cocotb.regression                  matrixmul_spi_test passed
76648000.00ns INFO     cocotb.regression                  ************************************************************************************************
                                                          ** TEST                                    STATUS  SIM TIME (ns)  REAL TIME (s)  RATIO (ns/s) **
                                                          ************************************************************************************************
                                                          ** test_matrix_mul_spi.matrixmul_spi_test   PASS    76648000.00       79853.09        959.86  **
                                                          ************************************************************************************************
                                                          ** TESTS=1 PASS=1 FAIL=0 SKIP=0                     76648000.00       79853.43        959.86  **
                                                          ************************************************************************************************
                                                          
FST info: dumpfile sim_build/MatrixMul_top.fst opened for output.
make[1]: Leaving directory '/mnt/d/PSU/HW_For_AI_teuscher/CNN_hand_written_digit_10x10'
Loading model from 'trained_model.pkl'...
Predicted class: 0
